#-----------------------------------------------------------
# Vivado v2024.2 (64-bit)
# SW Build 5239630 on Fri Nov 08 22:35:27 MST 2024
# IP Build 5239520 on Sun Nov 10 16:12:51 MST 2024
# SharedData Build 5239561 on Fri Nov 08 14:39:27 MST 2024
# Start of session at: Mon Feb  9 21:40:23 2026
# Process ID         : 43180
# Current directory  : C:/Users/krush/OneDrive/Desktop/RISC_V_PROCESSOR
# Command line       : vivado.exe -gui_launcher_event rodinguilauncherevent12064 C:\Users\krush\OneDrive\Desktop\RISC_V_PROCESSOR\RISC_V_PROCESSOR.xpr
# Log file           : C:/Users/krush/OneDrive/Desktop/RISC_V_PROCESSOR/vivado.log
# Journal file       : C:/Users/krush/OneDrive/Desktop/RISC_V_PROCESSOR\vivado.jou
# Running On         : K_Victus
# Platform           : Windows Server 2016 or Windows 10
# Operating System   : 26200
# Processor Detail   : AMD Ryzen 7 7840HS w/ Radeon 780M Graphics     
# CPU Frequency      : 3793 MHz
# CPU Physical cores : 8
# CPU Logical cores  : 16
# Host memory        : 16415 MB
# Swap memory        : 8053 MB
# Total Virtual      : 24468 MB
# Available Virtual  : 5892 MB
#-----------------------------------------------------------
start_gui
open_project C:/Users/krush/OneDrive/Desktop/RISC_V_PROCESSOR/RISC_V_PROCESSOR.xpr
INFO: [filemgmt 56-3] Default IP Output Path : Could not find the directory 'C:/Users/krush/OneDrive/Desktop/RISC_V_PROCESSOR/RISC_V_PROCESSOR.gen/sources_1'.
Scanning sources...
Finished scanning sources
INFO: [IP_Flow 19-234] Refreshing IP repositories
INFO: [IP_Flow 19-1704] No user IP repositories specified
INFO: [IP_Flow 19-2313] Loaded Vivado IP repository 'C:/Xilinx/Vivado/2024.2/data/ip'.
open_project: Time (s): cpu = 00:00:14 ; elapsed = 00:00:07 . Memory (MB): peak = 1228.562 ; gain = 128.934
update_compile_order -fileset sources_1
synth_design -rtl -rtl_skip_mlo -name rtl_1
Command: synth_design -rtl -rtl_skip_mlo -name rtl_1
Starting synth_design
Using part: xc7k70tfbv676-1
Top: top
INFO: [Device 21-403] Loading part xc7k70tfbv676-1
INFO: [Synth 8-7079] Multithreading enabled for synth_design using a maximum of 2 processes.
INFO: [Synth 8-7078] Launching helper process for spawning children vivado processes
INFO: [Synth 8-7075] Helper process launched with PID 33512
---------------------------------------------------------------------------------
Starting RTL Elaboration : Time (s): cpu = 00:00:06 ; elapsed = 00:00:06 . Memory (MB): peak = 1878.348 ; gain = 465.043
---------------------------------------------------------------------------------
INFO: [Synth 8-6157] synthesizing module 'top' [C:/Users/krush/OneDrive/Desktop/RISC_V_PROCESSOR/RISC_V_PROCESSOR.srcs/sources_1/new/top.v:23]
INFO: [Synth 8-6157] synthesizing module 'PC' [C:/Users/krush/OneDrive/Desktop/RISC_V_PROCESSOR/RISC_V_PROCESSOR.srcs/sources_1/new/PC.v:22]
INFO: [Synth 8-6155] done synthesizing module 'PC' (0#1) [C:/Users/krush/OneDrive/Desktop/RISC_V_PROCESSOR/RISC_V_PROCESSOR.srcs/sources_1/new/PC.v:22]
INFO: [Synth 8-6157] synthesizing module 'Instr_mem' [C:/Users/krush/OneDrive/Desktop/RISC_V_PROCESSOR/RISC_V_PROCESSOR.srcs/sources_1/new/Instr_mem.v:23]
INFO: [Synth 8-251] Loading instruction memory from rv32i_test1.hex [C:/Users/krush/OneDrive/Desktop/RISC_V_PROCESSOR/RISC_V_PROCESSOR.srcs/sources_1/new/Instr_mem.v:31]
CRITICAL WARNING: [Synth 8-4445] could not open $readmem data file 'rv32i_book.hex'; please make sure the file is added to project and has read permission, ignoring [C:/Users/krush/OneDrive/Desktop/RISC_V_PROCESSOR/RISC_V_PROCESSOR.srcs/sources_1/new/Instr_mem.v:32]
INFO: [Synth 8-6155] done synthesizing module 'Instr_mem' (0#1) [C:/Users/krush/OneDrive/Desktop/RISC_V_PROCESSOR/RISC_V_PROCESSOR.srcs/sources_1/new/Instr_mem.v:23]
INFO: [Synth 8-6157] synthesizing module 'Control_unit' [C:/Users/krush/OneDrive/Desktop/RISC_V_PROCESSOR/RISC_V_PROCESSOR.srcs/sources_1/new/Control_unit.v:23]
WARNING: [Synth 8-151] case item 7'b0110111 is unreachable [C:/Users/krush/OneDrive/Desktop/RISC_V_PROCESSOR/RISC_V_PROCESSOR.srcs/sources_1/new/Control_unit.v:58]
INFO: [Synth 8-226] default block is never used [C:/Users/krush/OneDrive/Desktop/RISC_V_PROCESSOR/RISC_V_PROCESSOR.srcs/sources_1/new/Control_unit.v:94]
INFO: [Synth 8-6155] done synthesizing module 'Control_unit' (0#1) [C:/Users/krush/OneDrive/Desktop/RISC_V_PROCESSOR/RISC_V_PROCESSOR.srcs/sources_1/new/Control_unit.v:23]
INFO: [Synth 8-6157] synthesizing module 'Imm_gen' [C:/Users/krush/OneDrive/Desktop/RISC_V_PROCESSOR/RISC_V_PROCESSOR.srcs/sources_1/new/Imm_gen.v:23]
INFO: [Synth 8-6155] done synthesizing module 'Imm_gen' (0#1) [C:/Users/krush/OneDrive/Desktop/RISC_V_PROCESSOR/RISC_V_PROCESSOR.srcs/sources_1/new/Imm_gen.v:23]
INFO: [Synth 8-6157] synthesizing module 'Register_file' [C:/Users/krush/OneDrive/Desktop/RISC_V_PROCESSOR/RISC_V_PROCESSOR.srcs/sources_1/new/Register_file.v:23]
INFO: [Synth 8-6155] done synthesizing module 'Register_file' (0#1) [C:/Users/krush/OneDrive/Desktop/RISC_V_PROCESSOR/RISC_V_PROCESSOR.srcs/sources_1/new/Register_file.v:23]
INFO: [Synth 8-6157] synthesizing module 'ALU' [C:/Users/krush/OneDrive/Desktop/RISC_V_PROCESSOR/RISC_V_PROCESSOR.srcs/sources_1/new/ALU.v:23]
INFO: [Synth 8-6155] done synthesizing module 'ALU' (0#1) [C:/Users/krush/OneDrive/Desktop/RISC_V_PROCESSOR/RISC_V_PROCESSOR.srcs/sources_1/new/ALU.v:23]
INFO: [Synth 8-6157] synthesizing module 'load_unit' [C:/Users/krush/OneDrive/Desktop/RISC_V_PROCESSOR/RISC_V_PROCESSOR.srcs/sources_1/new/load_unit.v:23]
INFO: [Synth 8-6155] done synthesizing module 'load_unit' (0#1) [C:/Users/krush/OneDrive/Desktop/RISC_V_PROCESSOR/RISC_V_PROCESSOR.srcs/sources_1/new/load_unit.v:23]
INFO: [Synth 8-6157] synthesizing module 'store_unit' [C:/Users/krush/OneDrive/Desktop/RISC_V_PROCESSOR/RISC_V_PROCESSOR.srcs/sources_1/new/store_unit.v:23]
INFO: [Synth 8-6155] done synthesizing module 'store_unit' (0#1) [C:/Users/krush/OneDrive/Desktop/RISC_V_PROCESSOR/RISC_V_PROCESSOR.srcs/sources_1/new/store_unit.v:23]
INFO: [Synth 8-6157] synthesizing module 'Data_mem' [C:/Users/krush/OneDrive/Desktop/RISC_V_PROCESSOR/RISC_V_PROCESSOR.srcs/sources_1/new/Data_mem.v:23]
INFO: [Synth 8-6155] done synthesizing module 'Data_mem' (0#1) [C:/Users/krush/OneDrive/Desktop/RISC_V_PROCESSOR/RISC_V_PROCESSOR.srcs/sources_1/new/Data_mem.v:23]
INFO: [Synth 8-6155] done synthesizing module 'top' (0#1) [C:/Users/krush/OneDrive/Desktop/RISC_V_PROCESSOR/RISC_V_PROCESSOR.srcs/sources_1/new/top.v:23]
WARNING: [Synth 8-3848] Net memory in module/entity Instr_mem does not have driver. [C:/Users/krush/OneDrive/Desktop/RISC_V_PROCESSOR/RISC_V_PROCESSOR.srcs/sources_1/new/Instr_mem.v:28]
WARNING: [Synth 8-7129] Port mem_read in module Data_mem is either unconnected or has no load
WARNING: [Synth 8-7129] Port addr[31] in module Data_mem is either unconnected or has no load
WARNING: [Synth 8-7129] Port addr[30] in module Data_mem is either unconnected or has no load
WARNING: [Synth 8-7129] Port addr[29] in module Data_mem is either unconnected or has no load
WARNING: [Synth 8-7129] Port addr[28] in module Data_mem is either unconnected or has no load
WARNING: [Synth 8-7129] Port addr[27] in module Data_mem is either unconnected or has no load
WARNING: [Synth 8-7129] Port addr[26] in module Data_mem is either unconnected or has no load
WARNING: [Synth 8-7129] Port addr[25] in module Data_mem is either unconnected or has no load
WARNING: [Synth 8-7129] Port addr[24] in module Data_mem is either unconnected or has no load
WARNING: [Synth 8-7129] Port addr[23] in module Data_mem is either unconnected or has no load
WARNING: [Synth 8-7129] Port addr[22] in module Data_mem is either unconnected or has no load
WARNING: [Synth 8-7129] Port addr[21] in module Data_mem is either unconnected or has no load
WARNING: [Synth 8-7129] Port addr[20] in module Data_mem is either unconnected or has no load
WARNING: [Synth 8-7129] Port addr[19] in module Data_mem is either unconnected or has no load
WARNING: [Synth 8-7129] Port addr[18] in module Data_mem is either unconnected or has no load
WARNING: [Synth 8-7129] Port addr[17] in module Data_mem is either unconnected or has no load
WARNING: [Synth 8-7129] Port addr[16] in module Data_mem is either unconnected or has no load
WARNING: [Synth 8-7129] Port addr[15] in module Data_mem is either unconnected or has no load
WARNING: [Synth 8-7129] Port addr[14] in module Data_mem is either unconnected or has no load
WARNING: [Synth 8-7129] Port addr[13] in module Data_mem is either unconnected or has no load
WARNING: [Synth 8-7129] Port addr[12] in module Data_mem is either unconnected or has no load
WARNING: [Synth 8-7129] Port addr[11] in module Data_mem is either unconnected or has no load
WARNING: [Synth 8-7129] Port addr[10] in module Data_mem is either unconnected or has no load
WARNING: [Synth 8-7129] Port addr[1] in module Data_mem is either unconnected or has no load
WARNING: [Synth 8-7129] Port addr[0] in module Data_mem is either unconnected or has no load
WARNING: [Synth 8-7129] Port alu_result[31] in module store_unit is either unconnected or has no load
WARNING: [Synth 8-7129] Port alu_result[30] in module store_unit is either unconnected or has no load
WARNING: [Synth 8-7129] Port alu_result[29] in module store_unit is either unconnected or has no load
WARNING: [Synth 8-7129] Port alu_result[28] in module store_unit is either unconnected or has no load
WARNING: [Synth 8-7129] Port alu_result[27] in module store_unit is either unconnected or has no load
WARNING: [Synth 8-7129] Port alu_result[26] in module store_unit is either unconnected or has no load
WARNING: [Synth 8-7129] Port alu_result[25] in module store_unit is either unconnected or has no load
WARNING: [Synth 8-7129] Port alu_result[24] in module store_unit is either unconnected or has no load
WARNING: [Synth 8-7129] Port alu_result[23] in module store_unit is either unconnected or has no load
WARNING: [Synth 8-7129] Port alu_result[22] in module store_unit is either unconnected or has no load
WARNING: [Synth 8-7129] Port alu_result[21] in module store_unit is either unconnected or has no load
WARNING: [Synth 8-7129] Port alu_result[20] in module store_unit is either unconnected or has no load
WARNING: [Synth 8-7129] Port alu_result[19] in module store_unit is either unconnected or has no load
WARNING: [Synth 8-7129] Port alu_result[18] in module store_unit is either unconnected or has no load
WARNING: [Synth 8-7129] Port alu_result[17] in module store_unit is either unconnected or has no load
WARNING: [Synth 8-7129] Port alu_result[16] in module store_unit is either unconnected or has no load
WARNING: [Synth 8-7129] Port alu_result[15] in module store_unit is either unconnected or has no load
WARNING: [Synth 8-7129] Port alu_result[14] in module store_unit is either unconnected or has no load
WARNING: [Synth 8-7129] Port alu_result[13] in module store_unit is either unconnected or has no load
WARNING: [Synth 8-7129] Port alu_result[12] in module store_unit is either unconnected or has no load
WARNING: [Synth 8-7129] Port alu_result[11] in module store_unit is either unconnected or has no load
WARNING: [Synth 8-7129] Port alu_result[10] in module store_unit is either unconnected or has no load
WARNING: [Synth 8-7129] Port alu_result[9] in module store_unit is either unconnected or has no load
WARNING: [Synth 8-7129] Port alu_result[8] in module store_unit is either unconnected or has no load
WARNING: [Synth 8-7129] Port alu_result[7] in module store_unit is either unconnected or has no load
WARNING: [Synth 8-7129] Port alu_result[6] in module store_unit is either unconnected or has no load
WARNING: [Synth 8-7129] Port alu_result[5] in module store_unit is either unconnected or has no load
WARNING: [Synth 8-7129] Port alu_result[4] in module store_unit is either unconnected or has no load
WARNING: [Synth 8-7129] Port alu_result[3] in module store_unit is either unconnected or has no load
WARNING: [Synth 8-7129] Port alu_result[2] in module store_unit is either unconnected or has no load
WARNING: [Synth 8-7129] Port alu_result[31] in module load_unit is either unconnected or has no load
WARNING: [Synth 8-7129] Port alu_result[30] in module load_unit is either unconnected or has no load
WARNING: [Synth 8-7129] Port alu_result[29] in module load_unit is either unconnected or has no load
WARNING: [Synth 8-7129] Port alu_result[28] in module load_unit is either unconnected or has no load
WARNING: [Synth 8-7129] Port alu_result[27] in module load_unit is either unconnected or has no load
WARNING: [Synth 8-7129] Port alu_result[26] in module load_unit is either unconnected or has no load
WARNING: [Synth 8-7129] Port alu_result[25] in module load_unit is either unconnected or has no load
WARNING: [Synth 8-7129] Port alu_result[24] in module load_unit is either unconnected or has no load
WARNING: [Synth 8-7129] Port alu_result[23] in module load_unit is either unconnected or has no load
WARNING: [Synth 8-7129] Port alu_result[22] in module load_unit is either unconnected or has no load
WARNING: [Synth 8-7129] Port alu_result[21] in module load_unit is either unconnected or has no load
WARNING: [Synth 8-7129] Port alu_result[20] in module load_unit is either unconnected or has no load
WARNING: [Synth 8-7129] Port alu_result[19] in module load_unit is either unconnected or has no load
WARNING: [Synth 8-7129] Port alu_result[18] in module load_unit is either unconnected or has no load
WARNING: [Synth 8-7129] Port alu_result[17] in module load_unit is either unconnected or has no load
WARNING: [Synth 8-7129] Port alu_result[16] in module load_unit is either unconnected or has no load
WARNING: [Synth 8-7129] Port alu_result[15] in module load_unit is either unconnected or has no load
WARNING: [Synth 8-7129] Port alu_result[14] in module load_unit is either unconnected or has no load
WARNING: [Synth 8-7129] Port alu_result[13] in module load_unit is either unconnected or has no load
WARNING: [Synth 8-7129] Port alu_result[12] in module load_unit is either unconnected or has no load
WARNING: [Synth 8-7129] Port alu_result[11] in module load_unit is either unconnected or has no load
WARNING: [Synth 8-7129] Port alu_result[10] in module load_unit is either unconnected or has no load
WARNING: [Synth 8-7129] Port alu_result[9] in module load_unit is either unconnected or has no load
WARNING: [Synth 8-7129] Port alu_result[8] in module load_unit is either unconnected or has no load
WARNING: [Synth 8-7129] Port alu_result[7] in module load_unit is either unconnected or has no load
WARNING: [Synth 8-7129] Port alu_result[6] in module load_unit is either unconnected or has no load
WARNING: [Synth 8-7129] Port alu_result[5] in module load_unit is either unconnected or has no load
WARNING: [Synth 8-7129] Port alu_result[4] in module load_unit is either unconnected or has no load
WARNING: [Synth 8-7129] Port alu_result[3] in module load_unit is either unconnected or has no load
WARNING: [Synth 8-7129] Port alu_result[2] in module load_unit is either unconnected or has no load
WARNING: [Synth 8-7129] Port instr[6] in module Imm_gen is either unconnected or has no load
WARNING: [Synth 8-7129] Port instr[5] in module Imm_gen is either unconnected or has no load
WARNING: [Synth 8-7129] Port instr[4] in module Imm_gen is either unconnected or has no load
WARNING: [Synth 8-7129] Port instr[3] in module Imm_gen is either unconnected or has no load
WARNING: [Synth 8-7129] Port instr[2] in module Imm_gen is either unconnected or has no load
WARNING: [Synth 8-7129] Port instr[1] in module Imm_gen is either unconnected or has no load
WARNING: [Synth 8-7129] Port instr[0] in module Imm_gen is either unconnected or has no load
WARNING: [Synth 8-7129] Port instr[31] in module Instr_mem is either unconnected or has no load
WARNING: [Synth 8-7129] Port instr[30] in module Instr_mem is either unconnected or has no load
WARNING: [Synth 8-7129] Port instr[29] in module Instr_mem is either unconnected or has no load
WARNING: [Synth 8-7129] Port instr[28] in module Instr_mem is either unconnected or has no load
WARNING: [Synth 8-7129] Port instr[27] in module Instr_mem is either unconnected or has no load
WARNING: [Synth 8-7129] Port instr[26] in module Instr_mem is either unconnected or has no load
WARNING: [Synth 8-7129] Port instr[25] in module Instr_mem is either unconnected or has no load
WARNING: [Synth 8-7129] Port instr[24] in module Instr_mem is either unconnected or has no load
INFO: [Common 17-14] Message 'Synth 8-7129' appears 100 times and further instances of the messages will be disabled. Use the Tcl command set_msg_config to change the current settings.
---------------------------------------------------------------------------------
Finished RTL Elaboration : Time (s): cpu = 00:00:08 ; elapsed = 00:00:09 . Memory (MB): peak = 1986.438 ; gain = 573.133
---------------------------------------------------------------------------------
---------------------------------------------------------------------------------
Start Handling Custom Attributes
---------------------------------------------------------------------------------
---------------------------------------------------------------------------------
Finished Handling Custom Attributes : Time (s): cpu = 00:00:08 ; elapsed = 00:00:09 . Memory (MB): peak = 1986.438 ; gain = 573.133
---------------------------------------------------------------------------------
---------------------------------------------------------------------------------
Finished RTL Optimization Phase 1 : Time (s): cpu = 00:00:08 ; elapsed = 00:00:09 . Memory (MB): peak = 1986.438 ; gain = 573.133
---------------------------------------------------------------------------------
Netlist sorting complete. Time (s): cpu = 00:00:00 ; elapsed = 00:00:00.011 . Memory (MB): peak = 1986.438 ; gain = 0.000
INFO: [Project 1-570] Preparing netlist for logic optimization

Processing XDC Constraints
Initializing timing engine
Completed Processing XDC Constraints

Netlist sorting complete. Time (s): cpu = 00:00:00 ; elapsed = 00:00:00 . Memory (MB): peak = 2019.406 ; gain = 0.000
INFO: [Project 1-111] Unisim Transformation Summary:
No Unisim elements were transformed.

RTL Elaboration Complete:  : Time (s): cpu = 00:00:29 ; elapsed = 00:00:19 . Memory (MB): peak = 2324.773 ; gain = 911.469
29 Infos, 102 Warnings, 1 Critical Warnings and 0 Errors encountered.
synth_design completed successfully
synth_design: Time (s): cpu = 00:00:32 ; elapsed = 00:00:36 . Memory (MB): peak = 2324.773 ; gain = 1050.246
launch_simulation
Command: launch_simulation 
INFO: [Vivado 12-12493] Simulation top is 'tb_riscv'
WARNING: [Vivado 12-13340] Unable to auto find GCC executables from simulator install path! (path not set)
INFO: [Vivado 12-5682] Launching behavioral simulation in 'C:/Users/krush/OneDrive/Desktop/RISC_V_PROCESSOR/RISC_V_PROCESSOR.sim/sim_1/behav/xsim'
INFO: [SIM-utils-51] Simulation object is 'sim_1'
INFO: [SIM-utils-72] Using boost library from 'C:/Xilinx/Vivado/2024.2/tps/boost_1_72_0'
INFO: [SIM-utils-54] Inspecting design source files for 'tb_riscv' in fileset 'sim_1'...
INFO: [USF-XSim-97] Finding global include files...
INFO: [USF-XSim-98] Fetching design files from 'sim_1'...
INFO: [USF-XSim-2] XSim::Compile design
INFO: [USF-XSim-61] Executing 'COMPILE and ANALYZE' step in 'C:/Users/krush/OneDrive/Desktop/RISC_V_PROCESSOR/RISC_V_PROCESSOR.sim/sim_1/behav/xsim'
"xvlog --incr --relax -prj tb_riscv_vlog.prj"
INFO: [USF-XSim-69] 'compile' step finished in '3' seconds
INFO: [USF-XSim-3] XSim::Elaborate design
INFO: [USF-XSim-61] Executing 'ELABORATE' step in 'C:/Users/krush/OneDrive/Desktop/RISC_V_PROCESSOR/RISC_V_PROCESSOR.sim/sim_1/behav/xsim'
"xelab --incr --debug typical --relax --mt 2 -L xil_defaultlib -L unisims_ver -L unimacro_ver -L secureip --snapshot tb_riscv_behav xil_defaultlib.tb_riscv xil_defaultlib.glbl -log elaborate.log"
Vivado Simulator v2024.2.0
Copyright 1986-2022 Xilinx, Inc. All Rights Reserved.
Copyright 2022-2024 Advanced Micro Devices, Inc. All Rights Reserved.
Running: C:/Xilinx/Vivado/2024.2/bin/unwrapped/win64.o/xelab.exe --incr --debug typical --relax --mt 2 -L xil_defaultlib -L unisims_ver -L unimacro_ver -L secureip --snapshot tb_riscv_behav xil_defaultlib.tb_riscv xil_defaultlib.glbl -log elaborate.log 
Using 2 slave threads.
Starting static elaboration
Pass Through NonSizing Optimizer
Completed static elaboration
INFO: [XSIM 43-4323] No Change in HDL. Linking previously generated obj files to create kernel
INFO: [USF-XSim-69] 'elaborate' step finished in '3' seconds
INFO: [USF-XSim-4] XSim::Simulate design
INFO: [USF-XSim-61] Executing 'SIMULATE' step in 'C:/Users/krush/OneDrive/Desktop/RISC_V_PROCESSOR/RISC_V_PROCESSOR.sim/sim_1/behav/xsim'
INFO: [USF-XSim-98] *** Running xsim
   with args "tb_riscv_behav -key {Behavioral:sim_1:Functional:tb_riscv} -tclbatch {tb_riscv.tcl} -log {simulate.log}"
INFO: [USF-XSim-8] Loading simulator feature
Time resolution is 1 ps
source tb_riscv.tcl
# set curr_wave [current_wave_config]
# if { [string length $curr_wave] == 0 } {
#   if { [llength [get_objects]] > 0} {
#     add_wave /
#     set_property needs_save false [current_wave_config]
#   } else {
#      send_msg_id Add_Wave-1 WARNING "No top level signals found. Simulator will start without a wave window. If you want to open a wave window go to 'File->New Waveform Configuration' or type 'create_wave_config' in the TCL console."
#   }
# }
# run 1000ns
Loading instruction memory from rv32i_test1.hex
=================================
FINAL CPU STATE
PC  = 00000050
PC_next  = 00000050
x2  = 00000019
x3  = 00000044
x4  = 00000001
x5  = 0000000b
x7  = 00000007
x9  = 00000012
mem[96]  = 00000007
mem[x3+32]  = 00000019
=================================
$stop called at time : 300 ns : File "C:/Users/krush/OneDrive/Desktop/RISC_V_PROCESSOR/RISC_V_PROCESSOR.srcs/sim_1/new/tb_riscv.v" Line 60
INFO: [USF-XSim-96] XSim completed. Design snapshot 'tb_riscv_behav' loaded.
INFO: [USF-XSim-97] XSim simulation ran for 1000ns
launch_simulation: Time (s): cpu = 00:00:08 ; elapsed = 00:00:12 . Memory (MB): peak = 2343.027 ; gain = 18.254
close_sim
INFO: [Simtcl 6-16] Simulation closed
exit
INFO: [Common 17-206] Exiting Vivado at Tue Feb 10 18:02:31 2026...
